<?xml version="1.0" encoding="UTF-8"?>
<!-- Generated by org.testng.reporters.JUnitReportReporter -->
<testsuite hostname="suman" failures="0" tests="1" name="testCases.TC_004_AddToCartTest" time="4.175" errors="0" timestamp="2023-07-05T07:01:37 CDT" skipped="0">
  <testcase classname="testCases.TC_004_AddToCartTest" name="shop_cart" time="4.175"/>
  <system-out/>
</testsuite> <!-- testCases.TC_004_AddToCartTest -->
