<?xml version="1.0" encoding="UTF-8"?>
<!-- Generated by org.testng.reporters.JUnitReportReporter -->
<testsuite hostname="suman" failures="0" tests="1" name="testCases.TC_002_LogInTest" time="2.578" errors="0" timestamp="2023-07-03T18:35:35 CDT" skipped="0">
  <testcase classname="testCases.TC_002_LogInTest" name="test_login" time="2.578"/>
  <system-out/>
</testsuite> <!-- testCases.TC_002_LogInTest -->
