<?xml version="1.0" encoding="UTF-8"?>
<!-- Generated by org.testng.reporters.JUnitReportReporter -->
<testsuite hostname="suman" failures="0" tests="1" name="testCases.TC_001_TestCaseRegistration" time="5.544" errors="0" timestamp="2023-06-29T07:07:37 CDT" skipped="0">
  <testcase classname="testCases.TC_001_TestCaseRegistration" name="test_account_Registration" time="5.544"/>
</testsuite> <!-- testCases.TC_001_TestCaseRegistration -->
