<?xml version="1.0" encoding="UTF-8"?>
<!-- Generated by org.testng.reporters.JUnitReportReporter -->
<testsuite hostname="suman" failures="0" tests="1" name="testCases.TC_002_LogInTest" time="2.318" errors="0" timestamp="2023-06-29T07:01:18 CDT" skipped="0">
  <testcase classname="testCases.TC_002_LogInTest" name="test_login" time="2.318"/>
</testsuite> <!-- testCases.TC_002_LogInTest -->
