<?xml version="1.0" encoding="UTF-8"?>
<!-- Generated by org.testng.reporters.JUnitReportReporter -->
<testsuite hostname="suman" failures="0" tests="1" name="testCases.TC_003_Search" time="2.094" errors="0" timestamp="2023-07-05T07:01:37 CDT" skipped="0">
  <testcase classname="testCases.TC_003_Search" name="test_search" time="2.094"/>
  <system-out/>
</testsuite> <!-- testCases.TC_003_Search -->
