<?xml version="1.0" encoding="UTF-8"?>
<!-- Generated by org.testng.reporters.JUnitReportReporter -->
<testsuite hostname="suman" failures="0" tests="2" name="testCases.TC_003_Search" time="4.373" errors="0" timestamp="2023-07-04T06:19:20 CDT" skipped="0">
  <testcase classname="testCases.TC_003_Search" name="test_search" time="1.710"/>
  <system-out/>
  <testcase classname="testCases.TC_003_Search" name="test_search" time="2.663"/>
  <system-out/>
</testsuite> <!-- testCases.TC_003_Search -->
