<?xml version="1.0" encoding="UTF-8"?>
<!-- Generated by org.testng.reporters.JUnitReportReporter -->
<testsuite skipped="0" hostname="suman" name="testCases.TC_003_Search" tests="1" failures="0" timestamp="2023-07-04T07:10:50 CDT" time="1.821" errors="0">
  <testcase name="test_search" time="1.821" classname="testCases.TC_003_Search"/>
  <system-out/>
</testsuite> <!-- testCases.TC_003_Search -->
