<?xml version="1.0" encoding="UTF-8"?>
<!-- Generated by org.testng.reporters.JUnitReportReporter -->
<testsuite skipped="0" hostname="suman" name="testCases.TC_003_Search" tests="1" failures="0" timestamp="2023-07-05T07:11:42 CDT" time="2.618" errors="0">
  <testcase name="test_search" time="2.618" classname="testCases.TC_003_Search"/>
  <system-out/>
</testsuite> <!-- testCases.TC_003_Search -->
