<?xml version="1.0" encoding="UTF-8"?>
<!-- Generated by org.testng.reporters.JUnitReportReporter -->
<testsuite skipped="0" hostname="suman" name="testCases.TC_001_TestCaseRegistration" tests="1" failures="0" timestamp="2023-06-30T15:49:14 CDT" time="4.454" errors="0">
  <testcase name="test_account_Registration" time="4.454" classname="testCases.TC_001_TestCaseRegistration"/>
  <system-out/>
</testsuite> <!-- testCases.TC_001_TestCaseRegistration -->
