<?xml version="1.0" encoding="UTF-8"?>
<!-- Generated by org.testng.reporters.JUnitReportReporter -->
<testsuite skipped="0" hostname="suman" name="testCases.TC_001_TestCaseRegistration" tests="1" failures="0" timestamp="2023-07-05T07:11:42 CDT" time="5.365" errors="0">
  <testcase name="test_account_Registration" time="5.365" classname="testCases.TC_001_TestCaseRegistration"/>
  <system-out/>
</testsuite> <!-- testCases.TC_001_TestCaseRegistration -->
