<?xml version="1.0" encoding="UTF-8"?>
<!-- Generated by org.testng.reporters.JUnitReportReporter -->
<testsuite skipped="0" hostname="suman" name="testCases.TC_004_AddToCartTest" tests="1" failures="0" timestamp="2023-07-05T07:11:42 CDT" time="4.624" errors="0">
  <testcase name="shop_cart" time="4.624" classname="testCases.TC_004_AddToCartTest"/>
  <system-out/>
</testsuite> <!-- testCases.TC_004_AddToCartTest -->
